<?xml version="1.0" encoding="UTF-8"?>
<coverage generated="1579819278622" clover="3.2.0">
  <project timestamp="1579819278622" name="All files">
    <metrics statements="2" coveredstatements="2" conditionals="3" coveredconditionals="3" methods="2" coveredmethods="2" elements="7" coveredelements="7" complexity="0" loc="2" ncloc="2" packages="1" files="1" classes="1"/>
    <file name="validator.js" path="C:\Users\Vladimir\Downloads\Netology\Домашние задания продвинутый Javascript\Math\2nd task\src\js\validator.js">
      <metrics statements="2" coveredstatements="2" conditionals="3" coveredconditionals="3" methods="2" coveredmethods="2"/>
      <line num="3" count="6" type="stmt"/>
      <line num="7" count="6" type="cond" truecount="3" falsecount="0"/>
    </file>
  </project>
</coverage>
