{"C:\\Users\\Vladimir\\Downloads\\Netology\\Домашние задания продвинутый Javascript\\Math\\2nd task\\src\\js\\validator.js": {"path":"C:\\Users\\Vladimir\\Downloads\\Netology\\Домашние задания продвинутый Javascript\\Math\\2nd task\\src\\js\\validator.js","statementMap":{"0":{"start":{"line":3,"column":4},"end":{"line":3,"column":21}},"1":{"start":{"line":7,"column":4},"end":{"line":7,"column":147}}},"fnMap":{"0":{"name":"(anonymous_0)","decl":{"start":{"line":2,"column":2},"end":{"line":2,"column":3}},"loc":{"start":{"line":2,"column":20},"end":{"line":4,"column":3}},"line":2},"1":{"name":"(anonymous_1)","decl":{"start":{"line":6,"column":2},"end":{"line":6,"column":3}},"loc":{"start":{"line":6,"column":21},"end":{"line":8,"column":3}},"line":6}},"branchMap":{"0":{"loc":{"start":{"line":7,"column":13},"end":{"line":7,"column":145}},"type":"binary-expr","locations":[{"start":{"line":7,"column":13},"end":{"line":7,"column":46}},{"start":{"line":7,"column":50},"end":{"line":7,"column":95}},{"start":{"line":7,"column":99},"end":{"line":7,"column":145}}],"line":7}},"s":{"0":6,"1":6},"f":{"0":6,"1":6},"b":{"0":[6,5,2]},"_coverageSchema":"43e27e138ebf9cfc5966b082cf9a028302ed4184","hash":"cc19899275a2b304f8dc32a690d2890618a0b38d"}
}
